<?xml version="1.0" encoding="UTF-8"?>
<testng-results ignored="0" total="8" passed="8" failed="0" skipped="0">
  <reporter-output>
  </reporter-output>
  <suite started-at="2023-04-04T20:52:29 BST" name="All Test Suite" finished-at="2023-04-04T20:52:36 BST" duration-ms="6763">
    <groups>
    </groups>
    <test started-at="2023-04-04T20:52:29 BST" name="C:/Users/vamsi/IdeaProjects/PetStoreRestAssured/src/test/java/api/test" finished-at="2023-04-04T20:52:36 BST" duration-ms="6763">
      <class name="api.test.UserTests">
        <test-method is-config="true" signature="setup()[pri:0, instance:api.test.UserTests@3646a422]" started-at="2023-04-04T20:52:33 BST" name="setup" finished-at="2023-04-04T20:52:33 BST" duration-ms="143" status="PASS">
          <reporter-output>
          </reporter-output>
        </test-method> <!-- setup -->
        <test-method signature="testPostUser()[pri:1, instance:api.test.UserTests@3646a422]" started-at="2023-04-04T20:52:33 BST" name="testPostUser" finished-at="2023-04-04T20:52:33 BST" duration-ms="497" status="PASS">
          <reporter-output>
          </reporter-output>
        </test-method> <!-- testPostUser -->
        <test-method signature="testGetUserByName()[pri:2, instance:api.test.UserTests@3646a422]" started-at="2023-04-04T20:52:33 BST" name="testGetUserByName" finished-at="2023-04-04T20:52:34 BST" duration-ms="486" status="PASS">
          <reporter-output>
          </reporter-output>
        </test-method> <!-- testGetUserByName -->
        <test-method signature="testUpdateUserByName()[pri:3, instance:api.test.UserTests@3646a422]" started-at="2023-04-04T20:52:34 BST" name="testUpdateUserByName" finished-at="2023-04-04T20:52:35 BST" duration-ms="979" status="PASS">
          <reporter-output>
          </reporter-output>
        </test-method> <!-- testUpdateUserByName -->
        <test-method signature="testDeleteUserByName()[pri:4, instance:api.test.UserTests@3646a422]" started-at="2023-04-04T20:52:35 BST" name="testDeleteUserByName" finished-at="2023-04-04T20:52:36 BST" duration-ms="589" status="PASS">
          <reporter-output>
          </reporter-output>
        </test-method> <!-- testDeleteUserByName -->
      </class> <!-- api.test.UserTests -->
      <class name="api.test.StoreTests">
        <test-method is-config="true" signature="setup()[pri:0, instance:api.test.StoreTests@55a147cc]" started-at="2023-04-04T20:52:29 BST" name="setup" finished-at="2023-04-04T20:52:29 BST" duration-ms="385" status="PASS">
          <reporter-output>
          </reporter-output>
        </test-method> <!-- setup -->
        <test-method signature="testPostStore()[pri:1, instance:api.test.StoreTests@55a147cc]" started-at="2023-04-04T20:52:29 BST" name="testPostStore" finished-at="2023-04-04T20:52:31 BST" duration-ms="1773" status="PASS">
          <reporter-output>
          </reporter-output>
        </test-method> <!-- testPostStore -->
        <test-method signature="testGetStore()[pri:2, instance:api.test.StoreTests@55a147cc]" started-at="2023-04-04T20:52:31 BST" name="testGetStore" finished-at="2023-04-04T20:52:32 BST" duration-ms="533" status="PASS">
          <reporter-output>
          </reporter-output>
        </test-method> <!-- testGetStore -->
        <test-method signature="testGetInventoryStore()[pri:3, instance:api.test.StoreTests@55a147cc]" started-at="2023-04-04T20:52:32 BST" name="testGetInventoryStore" finished-at="2023-04-04T20:52:32 BST" duration-ms="641" status="PASS">
          <reporter-output>
          </reporter-output>
        </test-method> <!-- testGetInventoryStore -->
        <test-method signature="testDeleteStore()[pri:4, instance:api.test.StoreTests@55a147cc]" started-at="2023-04-04T20:52:32 BST" name="testDeleteStore" finished-at="2023-04-04T20:52:33 BST" duration-ms="486" status="PASS">
          <reporter-output>
          </reporter-output>
        </test-method> <!-- testDeleteStore -->
      </class> <!-- api.test.StoreTests -->
    </test> <!-- C:/Users/vamsi/IdeaProjects/PetStoreRestAssured/src/test/java/api/test -->
  </suite> <!-- All Test Suite -->
</testng-results>
