<?xml version="1.0" encoding="UTF-8"?>
<testsuite xmlns:xsi="http://www.w3.org/2001/XMLSchema-instance" xsi:noNamespaceSchemaLocation="https://maven.apache.org/surefire/maven-surefire-plugin/xsd/surefire-test-report-3.0.xsd" version="3.0" name="TestSuite" time="8.19" tests="8" errors="0" skipped="0" failures="0">
  <properties>
[...]
</properties>
  <testcase name="testPostStore" classname="api.test.StoreTests" time="1.804">
    <system-out><![CDATA[create user Response={"id":922807452,"petId":33563464,"quantity":3,"complete":true}
HTTP/1.1 200 OK
Date: Tue, 04 Apr 2023 19:52:31 GMT
Content-Type: application/json
Transfer-Encoding: chunked
Connection: keep-alive
Access-Control-Allow-Origin: *
Access-Control-Allow-Methods: GET, POST, DELETE, PUT
Access-Control-Allow-Headers: Content-Type, api_key, Authorization
Server: Jetty(9.2.9.v20150224)

{
    "id": 922807452,
    "petId": 33563464,
    "quantity": 3,
    "complete": true
}
]]></system-out>
    <system-err><![CDATA[SLF4J: Failed to load class "org.slf4j.impl.StaticLoggerBinder".
SLF4J: Defaulting to no-operation (NOP) logger implementation
SLF4J: See http://www.slf4j.org/codes.html#StaticLoggerBinder for further details.
]]></system-err>
  </testcase>
  <testcase name="testGetStore" classname="api.test.StoreTests" time="0.526">
    <system-out><![CDATA[HTTP/1.1 200 OK
Date: Tue, 04 Apr 2023 19:52:31 GMT
Content-Type: application/json
Transfer-Encoding: chunked
Connection: keep-alive
Access-Control-Allow-Origin: *
Access-Control-Allow-Methods: GET, POST, DELETE, PUT
Access-Control-Allow-Headers: Content-Type, api_key, Authorization
Server: Jetty(9.2.9.v20150224)

{
    "id": 922807452,
    "petId": 33563464,
    "quantity": 3,
    "complete": true
}
]]></system-out>
  </testcase>
  <testcase name="testGetInventoryStore" classname="api.test.StoreTests" time="0.642">
    <system-out><![CDATA[HTTP/1.1 200 OK
Date: Tue, 04 Apr 2023 19:52:32 GMT
Content-Type: application/json
Transfer-Encoding: chunked
Connection: keep-alive
Access-Control-Allow-Origin: *
Access-Control-Allow-Methods: GET, POST, DELETE, PUT
Access-Control-Allow-Headers: Content-Type, api_key, Authorization
Server: Jetty(9.2.9.v20150224)

{
    "totvs": 1,
    "string": 82,
    "available": 916
}
]]></system-out>
  </testcase>
  <testcase name="testDeleteStore" classname="api.test.StoreTests" time="0.5">
    <system-out><![CDATA[HTTP/1.1 200 OK
Date: Tue, 04 Apr 2023 19:52:32 GMT
Content-Type: application/json
Transfer-Encoding: chunked
Connection: keep-alive
Access-Control-Allow-Origin: *
Access-Control-Allow-Methods: GET, POST, DELETE, PUT
Access-Control-Allow-Headers: Content-Type, api_key, Authorization
Server: Jetty(9.2.9.v20150224)

{
    "code": 200,
    "type": "unknown",
    "message": "922807452"
}
]]></system-out>
  </testcase>
  <testcase name="testPostUser" classname="api.test.UserTests" time="0.5">
    <system-out><![CDATA[create user Response={"code":200,"type":"unknown","message":"651226342"}
HTTP/1.1 200 OK
Date: Tue, 04 Apr 2023 19:52:33 GMT
Content-Type: application/json
Transfer-Encoding: chunked
Connection: keep-alive
Access-Control-Allow-Origin: *
Access-Control-Allow-Methods: GET, POST, DELETE, PUT
Access-Control-Allow-Headers: Content-Type, api_key, Authorization
Server: Jetty(9.2.9.v20150224)

{
    "code": 200,
    "type": "unknown",
    "message": "651226342"
}
]]></system-out>
  </testcase>
  <testcase name="testGetUserByName" classname="api.test.UserTests" time="0.49">
    <system-out><![CDATA[HTTP/1.1 200 OK
Date: Tue, 04 Apr 2023 19:52:34 GMT
Content-Type: application/json
Transfer-Encoding: chunked
Connection: keep-alive
Access-Control-Allow-Origin: *
Access-Control-Allow-Methods: GET, POST, DELETE, PUT
Access-Control-Allow-Headers: Content-Type, api_key, Authorization
Server: Jetty(9.2.9.v20150224)

{
    "id": 651226342,
    "username": "tarra.donnelly",
    "firstName": "Willis",
    "lastName": "Marks",
    "email": "ariel.emmerich@example.com",
    "password": "nhve8gb",
    "phone": "(025) 113-7066",
    "userStatus": 0
}
]]></system-out>
  </testcase>
  <testcase name="testUpdateUserByName" classname="api.test.UserTests" time="0.977">
    <system-out><![CDATA[update user Response={"code":200,"type":"unknown","message":"651226342"}
{
    "code": 200,
    "type": "unknown",
    "message": "651226342"
}
]]></system-out>
  </testcase>
  <testcase name="testDeleteUserByName" classname="api.test.UserTests" time="0.589">
    <system-out><![CDATA[HTTP/1.1 200 OK
Date: Tue, 04 Apr 2023 19:52:35 GMT
Content-Type: application/json
Transfer-Encoding: chunked
Connection: keep-alive
Access-Control-Allow-Origin: *
Access-Control-Allow-Methods: GET, POST, DELETE, PUT
Access-Control-Allow-Headers: Content-Type, api_key, Authorization
Server: Jetty(9.2.9.v20150224)

{
    "code": 200,
    "type": "unknown",
    "message": "tarra.donnelly"
}
]]></system-out>
  </testcase>
</testsuite>